<?xml version="1.0" encoding="UTF-8"?>
<!-- Generated by org.testng.reporters.JUnitReportReporter -->
<testsuite hostname="LAPTOP-3H72KH3U" failures="0" tests="3" name="dqp.qa.testcases.LoginTestPage" time="87.151" errors="0" timestamp="2020-12-20T16:36:11 IST" skipped="0">
  <testcase classname="dqp.qa.testcases.LoginTestPage" name="loginTest" time="18.841"/>
  <system-out/>
  <testcase classname="dqp.qa.testcases.LoginTestPage" name="profileLink" time="30.327"/>
  <system-out/>
  <testcase classname="dqp.qa.testcases.LoginTestPage" name="logOut" time="37.983"/>
  <system-out/>
</testsuite> <!-- dqp.qa.testcases.LoginTestPage -->
