<?xml version="1.0" encoding="UTF-8"?>
<!-- Generated by org.testng.reporters.JUnitReportReporter -->
<testsuite hostname="LAPTOP-3H72KH3U" failures="0" tests="4" name="com.dqp.testcases.CreateJobsTestPage" time="154.528" errors="0" timestamp="2021-01-04T23:04:18 IST" skipped="3">
  <testcase classname="com.dqp.testcases.CreateJobsTestPage" name="verifyJobData" time="154.528"/>
  <system-out/>
  <testcase classname="com.dqp.testcases.CreateJobsTestPage" name="verifyCreateJobs">
    <skipped/>
  </testcase> <!-- verifyCreateJobs -->
  <system-out/>
  <testcase classname="com.dqp.testcases.CreateJobsTestPage" name="verifyMesureType">
    <skipped/>
  </testcase> <!-- verifyMesureType -->
  <system-out/>
  <testcase classname="com.dqp.testcases.CreateJobsTestPage" name="verifyJobsTab">
    <skipped/>
  </testcase> <!-- verifyJobsTab -->
  <system-out/>
</testsuite> <!-- com.dqp.testcases.CreateJobsTestPage -->
