<?xml version="1.0" encoding="UTF-8"?>
<!-- Generated by org.testng.reporters.JUnitReportReporter -->
<testsuite hostname="LAPTOP-3H72KH3U" failures="0" tests="1" name="KDD.LoginTest" time="0.696" errors="0" timestamp="2021-04-04T12:40:33 IST" skipped="0">
  <testcase classname="KDD.LoginTest" name="loginTest" time="0.696"/>
  <system-out/>
</testsuite> <!-- KDD.LoginTest -->
