<?xml version="1.0" encoding="UTF-8"?>
<!-- Generated by org.testng.reporters.JUnitReportReporter -->
<testsuite hostname="LAPTOP-3H72KH3U" failures="0" tests="1" name="KDDTest.testExecution" time="44.464" errors="0" timestamp="2021-04-04T16:41:16 IST" skipped="0">
  <testcase classname="KDDTest.testExecution" name="testCaseExecution" time="44.464"/>
  <system-out/>
</testsuite> <!-- KDDTest.testExecution -->
