<?xml version="1.0" encoding="UTF-8"?>
<!-- Generated by org.testng.reporters.JUnitReportReporter -->
<testsuite hostname="LAPTOP-3H72KH3U" failures="0" tests="1" name="KDD.keywordDrivenFrameworkTest" time="0.757" errors="0" timestamp="2021-04-04T13:30:11 IST" skipped="0">
  <testcase classname="KDD.keywordDrivenFrameworkTest" name="testExecution" time="0.757"/>
  <system-out/>
</testsuite> <!-- KDD.keywordDrivenFrameworkTest -->
