<?xml version="1.0" encoding="UTF-8"?>
<!-- Generated by org.testng.reporters.JUnitReportReporter -->
<testsuite hostname="LAPTOP-3H72KH3U" failures="0" tests="1" name="com.paybright.testcases.payBrightTC" time="56.448" errors="0" timestamp="2021-04-04T16:35:24 IST" skipped="0">
  <testcase classname="com.paybright.testcases.payBrightTC" name="VerifyTestCases" time="56.448"/>
  <system-out/>
</testsuite> <!-- com.paybright.testcases.payBrightTC -->
