<?xml version="1.0" encoding="UTF-8"?>
<!-- Generated by org.testng.reporters.JUnitReportReporter -->
<testsuite hostname="LAPTOP-3H72KH3U" failures="0" tests="1" name="KDDTest.LoginTest" time="0.788" errors="0" timestamp="2021-04-04T13:26:37 IST" skipped="0">
  <testcase classname="KDDTest.LoginTest" name="loginTest" time="0.788"/>
  <system-out/>
</testsuite> <!-- KDDTest.LoginTest -->
