<?xml version="1.0" encoding="UTF-8"?>
<!-- Generated by org.testng.reporters.JUnitReportReporter -->
<testsuite hostname="LAPTOP-3H72KH3U" failures="0" tests="4" name="dqp.qa.testcases.CreateMeasureTest" time="184.629" errors="0" timestamp="2020-12-22T00:56:38 IST" skipped="3">
  <testcase classname="dqp.qa.testcases.CreateMeasureTest" name="verifyMesureData" time="184.629"/>
  <system-out/>
  <testcase classname="dqp.qa.testcases.CreateMeasureTest" name="verifyMeasureTab">
    <skipped/>
  </testcase> <!-- verifyMeasureTab -->
  <system-out/>
  <testcase classname="dqp.qa.testcases.CreateMeasureTest" name="verifyMesureType">
    <skipped/>
  </testcase> <!-- verifyMesureType -->
  <system-out/>
  <testcase classname="dqp.qa.testcases.CreateMeasureTest" name="verifyCreateMeasure">
    <skipped/>
  </testcase> <!-- verifyCreateMeasure -->
  <system-out/>
</testsuite> <!-- dqp.qa.testcases.CreateMeasureTest -->
