<?xml version="1.0" encoding="UTF-8"?>
<!-- Generated by org.testng.reporters.JUnitReportReporter -->
<testsuite hostname="LAPTOP-3H72KH3U" failures="0" tests="3" name="com.dqp.testcases.LoginTestPage" time="117.179" errors="0" timestamp="2021-01-04T15:41:45 IST" skipped="0">
  <testcase classname="com.dqp.testcases.LoginTestPage" name="loginTest" time="31.339"/>
  <system-out/>
  <testcase classname="com.dqp.testcases.LoginTestPage" name="profileLink" time="35.236"/>
  <system-out/>
  <testcase classname="com.dqp.testcases.LoginTestPage" name="logOut" time="50.604"/>
  <system-out/>
</testsuite> <!-- com.dqp.testcases.LoginTestPage -->
