<?xml version="1.0" encoding="UTF-8"?>
<!-- Generated by org.testng.reporters.JUnitReportReporter -->
<testsuite hostname="LAPTOP-3H72KH3U" failures="0" tests="1" name="dqp.qa.testcases.General" time="173.865" errors="0" timestamp="2020-12-21T22:46:28 IST" skipped="0">
  <testcase classname="dqp.qa.testcases.General" name="generalSteps" time="173.865"/>
  <system-out/>
</testsuite> <!-- dqp.qa.testcases.General -->
